<?xml version="1.0" encoding="UTF-8"?>
<!-- Generated by org.testng.reporters.JUnitReportReporter -->
<testsuite hostname="GBMMHSJRH" failures="0" tests="4" name="LoginPAgeTestUIandFunctional" time="40.192" errors="0" timestamp="2024-08-31T14:03:02 IST" skipped="0">
  <testcase classname="LoginPAgeTestUIandFunctional" name="testWebsiteLogo" time="8.890"/>
  <testcase classname="LoginPAgeTestUIandFunctional" name="testHeadingText" time="12.037"/>
  <testcase classname="LoginPAgeTestUIandFunctional" name="testLoginUIandFunctionality" time="8.755"/>
  <testcase classname="LoginPAgeTestUIandFunctional" name="testLoginwithInvalidCredentials" time="10.510"/>
</testsuite> <!-- LoginPAgeTestUIandFunctional -->
