<?xml version="1.0" encoding="UTF-8"?>
<!-- Generated by org.testng.reporters.JUnitReportReporter -->
<testsuite hostname="GBMMHSJRH" failures="0" tests="4" name="HomePageTest" time="40.172" errors="0" timestamp="2024-08-31T14:03:01 IST" skipped="0">
  <testcase classname="HomePageTest" name="testHeadingtextofEachSections" time="8.719"/>
  <testcase classname="HomePageTest" name="testPlayButtonVisible" time="8.438"/>
  <testcase classname="HomePageTest" name="testMovieBackgroundImage" time="15.076"/>
  <testcase classname="HomePageTest" name="testContactUsText" time="7.939"/>
</testsuite> <!-- HomePageTest -->
